[2025-03-18 05:07:26,528] root                                               [DEBUG  ]  Logging to file: /beegfs/scratch/tmp/tmpxtp9xtwq/multiqc.log
[2025-03-18 05:07:33,093] multiqc.core.update_config                         [DEBUG  ]  This is MultiQC v1.25.2
[2025-03-18 05:07:33,094] multiqc.core.update_config                         [DEBUG  ]  Running Python 3.11.9 | packaged by conda-forge | (main, Apr 19 2024, 18:36:13) [GCC 12.3.0]
[2025-03-18 05:07:33,117] urllib3.connectionpool                             [DEBUG  ]  Starting new HTTPS connection (1): api.multiqc.info:443
[2025-03-18 05:07:33,294] urllib3.connectionpool                             [DEBUG  ]  https://api.multiqc.info:443 "GET /version?version_multiqc=1.25.2&version_python=3.11.9&operating_system=Linux&is_docker=False&is_singularity=False&is_conda=True&is_ci=False&is_notebook=False HTTP/11" 200 182
[2025-03-18 05:07:33,295] multiqc.core.version_check                         [WARNING]  MultiQC Version v1.27.1 now available!
[2025-03-18 05:07:33,295] multiqc.core.version_check                         [DEBUG  ]  Latest MultiQC version is v1.27.1, released 2025-02-09
[2025-03-18 05:07:33,295] multiqc.multiqc                                    [DEBUG  ]  Working dir : /beegfs/scratch/ric.broccoli/kubacki.michal/SRF_Federica_ATAC
[2025-03-18 05:07:33,296] multiqc.multiqc                                    [DEBUG  ]  Template    : default
[2025-03-18 05:07:33,296] multiqc.multiqc                                    [DEBUG  ]  Command used: /beegfs/scratch/ric.broccoli/kubacki.michal/conda_envs/snakemake/bin/multiqc results/qc/fastqc results/qc/picard -o results/qc/multiqc -f -v
[2025-03-18 05:07:33,296] multiqc.core.file_search                           [INFO   ]  Search path: /beegfs/scratch/ric.broccoli/kubacki.michal/SRF_Federica_ATAC/results/qc/fastqc
[2025-03-18 05:07:33,296] multiqc.core.file_search                           [INFO   ]  Search path: /beegfs/scratch/ric.broccoli/kubacki.michal/SRF_Federica_ATAC/results/qc/picard
[2025-03-18 05:07:33,297] multiqc.core.file_search                           [DEBUG  ]  Analysing modules: custom_content, ccs, ngsderive, purple, conpair, isoseq, lima, peddy, haplocheck, somalier, methylqa, mosdepth, phantompeakqualtools, qualimap, bamdst, preseq, hifiasm, quast, qorts, rna_seqc, rockhopper, rsem, rseqc, busco, bustools, goleft_indexcov, gffcompare, disambiguate, supernova, deeptools, sargasso, verifybamid, mirtrace, happy, mirtop, glimpse, gopeaks, homer, hops, macs2, theta2, snpeff, gatk, htseq, bcftools, featurecounts, fgbio, dragen, dragen_fastqc, dedup, pbmarkdup, damageprofiler, mapdamage, biobambam2, jcvi, mtnucratio, picard, vep, bakta, prokka, qc3C, nanoq, nanostat, samblaster, samtools, bamtools, sambamba, ngsbits, pairtools, sexdeterrmine, seqera_cli, eigenstratdatabasetools, jellyfish, vcftools, longranger, stacks, varscan2, snippy, umicollapse, umitools, truvari, megahit, ganon, bbmap, bismark, biscuit, diamond, hicexplorer, hicup, hicpro, salmon, kallisto, slamdunk, star, hisat2, tophat, bowtie2, bowtie1, hostile, cellranger, snpsplit, odgi, vg, pangolin, nextclade, freyja, humid, kat, leehom, librarian, nonpareil, adapterremoval, bbduk, clipandmerge, cutadapt, flexbar, sourmash, kaiju, kraken, malt, motus, trimmomatic, sickle, skewer, sortmerna, biobloomtools, fastq_screen, afterqc, fastp, fastqc, sequali, filtlong, prinseqplusplus, pychopper, porechop, pycoqc, minionqc, anglerfish, multivcfanalyzer, clusterflow, checkqc, bcl2fastq, bclconvert, interop, ivar, flash, seqyclean, optitype, whatshap, spaceranger, xenome, xengsort, metaphlan, seqwho, software_versions
[2025-03-18 05:07:34,844] multiqc.report                                     [DEBUG  ]  Summary of files that were skipped by the search: |skipped_module_specific_max_filesize: 36|, |skipped_no_match: 24|
[2025-03-18 05:07:34,844] multiqc.core.exec_modules                          [DEBUG  ]  Running module: custom_content
[2025-03-18 05:07:34,952] multiqc.core.exec_modules                          [DEBUG  ]  No samples found: custom_content
[2025-03-18 05:07:34,952] multiqc.core.exec_modules                          [DEBUG  ]  Running module: picard
[2025-03-18 05:07:35,224] multiqc.modules.picard.picard                      [DEBUG  ]  Running picard tool AlignmentSummaryMetrics
[2025-03-18 05:07:35,224] multiqc.modules.picard.picard                      [DEBUG  ]  Running picard tool BaseDistributionByCycleMetrics
[2025-03-18 05:07:35,224] multiqc.modules.picard.picard                      [DEBUG  ]  Running picard tool IlluminaBasecallingMetrics
[2025-03-18 05:07:35,224] multiqc.modules.picard.picard                      [DEBUG  ]  Running picard tool IlluminaLaneMetrics
[2025-03-18 05:07:35,225] multiqc.modules.picard.picard                      [DEBUG  ]  Running picard tool CrosscheckFingerprints
[2025-03-18 05:07:35,225] multiqc.modules.picard.picard                      [DEBUG  ]  Running picard tool ExtractIlluminaBarcodes
[2025-03-18 05:07:35,225] multiqc.modules.picard.picard                      [DEBUG  ]  Running picard tool GcBiasMetrics
[2025-03-18 05:07:35,226] multiqc.modules.picard.picard                      [DEBUG  ]  Running picard tool HsMetrics
[2025-03-18 05:07:35,226] multiqc.modules.picard.picard                      [DEBUG  ]  Running picard tool InsertSizeMetrics
[2025-03-18 05:07:35,226] multiqc.modules.picard.picard                      [DEBUG  ]  Running picard tool MarkDuplicates
[2025-03-18 05:07:35,235] multiqc.report                                     [DEBUG  ]  Wrote data file multiqc_picard_dups.txt
[2025-03-18 05:07:36,698] multiqc.modules.picard.picard                      [INFO   ]  Found 12 MarkDuplicates reports
[2025-03-18 05:07:36,699] multiqc.modules.picard.picard                      [DEBUG  ]  Running picard tool MarkIlluminaAdapters
[2025-03-18 05:07:36,700] multiqc.report                                     [DEBUG  ]  Wrote data file picard_histogram.txt
[2025-03-18 05:07:36,700] multiqc.modules.picard.picard                      [DEBUG  ]  Running picard tool OxoGMetrics
[2025-03-18 05:07:36,700] multiqc.modules.picard.picard                      [DEBUG  ]  Running picard tool QualityByCycleMetrics
[2025-03-18 05:07:36,701] multiqc.report                                     [DEBUG  ]  Wrote data file picard_histogram_1.txt
[2025-03-18 05:07:36,701] multiqc.modules.picard.picard                      [DEBUG  ]  Running picard tool QualityScoreDistributionMetrics
[2025-03-18 05:07:36,702] multiqc.report                                     [DEBUG  ]  Wrote data file picard_histogram_2.txt
[2025-03-18 05:07:36,702] multiqc.modules.picard.picard                      [DEBUG  ]  Running picard tool QualityYieldMetrics
[2025-03-18 05:07:36,702] multiqc.modules.picard.picard                      [DEBUG  ]  Running picard tool RnaSeqMetrics
[2025-03-18 05:07:36,702] multiqc.modules.picard.picard                      [DEBUG  ]  Running picard tool RrbsSummaryMetrics
[2025-03-18 05:07:36,702] multiqc.modules.picard.picard                      [DEBUG  ]  Running picard tool TargetedPcrMetrics
[2025-03-18 05:07:36,703] multiqc.modules.picard.picard                      [DEBUG  ]  Running picard tool ValidateSamFile
[2025-03-18 05:07:36,703] multiqc.modules.picard.picard                      [DEBUG  ]  Running picard tool VariantCallingMetrics
[2025-03-18 05:07:36,703] multiqc.modules.picard.picard                      [DEBUG  ]  Running picard tool WgsMetrics
[2025-03-18 05:07:36,703] multiqc.base_module                                [DEBUG  ]  picard: deleting attribute self.sample_names
[2025-03-18 05:07:36,704] multiqc.base_module                                [DEBUG  ]  picard: deleting attribute self.general_stats_headers
[2025-03-18 05:07:36,704] multiqc.base_module                                [DEBUG  ]  picard: deleting attribute self.general_stats_data
[2025-03-18 05:07:36,704] multiqc.base_module                                [DEBUG  ]  picard: deleting attribute self.samples_parsed_by_tool
[2025-03-18 05:07:36,704] multiqc.core.exec_modules                          [DEBUG  ]  Running module: fastqc
[2025-03-18 05:07:36,919] multiqc.modules.fastqc.fastqc                      [INFO   ]  Found 24 reports
[2025-03-18 05:07:36,920] multiqc.report                                     [DEBUG  ]  Wrote data file multiqc_fastqc.txt
[2025-03-18 05:07:37,387] multiqc.base_module                                [DEBUG  ]  fastqc: deleting attribute self.sample_names
[2025-03-18 05:07:37,387] multiqc.base_module                                [DEBUG  ]  fastqc: deleting attribute self.order_of_duplication_levels
[2025-03-18 05:07:37,387] multiqc.base_module                                [DEBUG  ]  fastqc: deleting attribute self.status_colours
[2025-03-18 05:07:37,387] multiqc.core.software_versions                     [DEBUG  ]  Reading software versions from config.software_versions
[2025-03-18 05:07:37,422] multiqc.report                                     [DEBUG  ]  Wrote data file multiqc_software_versions.txt
[2025-03-18 05:07:37,423] multiqc.core.write_results                         [DEBUG  ]  Rendering plots
[2025-03-18 05:07:37,476] multiqc.report                                     [DEBUG  ]  Wrote data file multiqc_general_stats.txt
[2025-03-18 05:07:37,480] multiqc.core.write_results                         [DEBUG  ]  Exporting plot data to files
[2025-03-18 05:07:37,498] multiqc.report                                     [DEBUG  ]  Wrote data file picard_deduplication.txt
[2025-03-18 05:07:37,499] multiqc.report                                     [DEBUG  ]  Wrote data file fastqc_sequence_counts_plot.txt
[2025-03-18 05:07:37,501] multiqc.report                                     [DEBUG  ]  Wrote data file fastqc_per_base_sequence_quality_plot.txt
[2025-03-18 05:07:37,503] multiqc.report                                     [DEBUG  ]  Wrote data file fastqc_per_sequence_quality_scores_plot.txt
[2025-03-18 05:07:37,506] multiqc.report                                     [DEBUG  ]  Wrote data file fastqc_per_sequence_gc_content_plot_Percentages.txt
[2025-03-18 05:07:37,509] multiqc.report                                     [DEBUG  ]  Wrote data file fastqc_per_sequence_gc_content_plot_Counts.txt
[2025-03-18 05:07:37,511] multiqc.report                                     [DEBUG  ]  Wrote data file fastqc_per_base_n_content_plot.txt
[2025-03-18 05:07:37,512] multiqc.report                                     [DEBUG  ]  Wrote data file fastqc_sequence_duplication_levels_plot.txt
[2025-03-18 05:07:37,513] multiqc.report                                     [DEBUG  ]  Wrote data file fastqc_overrepresented_sequences_plot.txt
[2025-03-18 05:07:37,514] multiqc.report                                     [DEBUG  ]  Wrote data file fastqc_top_overrepresented_sequences_table.txt
[2025-03-18 05:07:37,521] multiqc.report                                     [DEBUG  ]  Wrote data file fastqc_adapter_content_plot.txt
[2025-03-18 05:07:37,522] multiqc.report                                     [DEBUG  ]  Wrote data file fastqc-status-check-heatmap.txt
[2025-03-18 05:07:37,522] multiqc.core.write_results                         [DEBUG  ]  Moving data file from '/beegfs/scratch/tmp/tmpxtp9xtwq/multiqc_data' to '/beegfs/scratch/ric.broccoli/kubacki.michal/SRF_Federica_ATAC/results/qc/multiqc/multiqc_data'
